<?xml version="1.0" encoding="UTF-8"?>
<testng-results skipped="0" failed="0" ignored="0" total="1" passed="1">
  <reporter-output>
  </reporter-output>
  <suite name="Suite" duration-ms="73" started-at="2021-07-13T20:39:21 PDT" finished-at="2021-07-13T20:39:21 PDT">
    <groups>
    </groups>
    <test name="Test" duration-ms="73" started-at="2021-07-13T20:39:21 PDT" finished-at="2021-07-13T20:39:21 PDT">
      <class name="com.web.site.Test1">
        <test-method status="PASS" signature="beforeMethod()[pri:0, instance:com.web.site.Test1@17579e0f]" name="beforeMethod" is-config="true" duration-ms="6" started-at="2021-07-13T20:39:21 PDT" finished-at="2021-07-13T20:39:21 PDT">
          <reporter-output>
          </reporter-output>
        </test-method> <!-- beforeMethod -->
        <test-method status="PASS" signature="f()[pri:0, instance:com.web.site.Test1@17579e0f]" name="f" duration-ms="8" started-at="2021-07-13T20:39:21 PDT" finished-at="2021-07-13T20:39:21 PDT">
          <reporter-output>
          </reporter-output>
        </test-method> <!-- f -->
        <test-method status="PASS" signature="afterMethod()[pri:0, instance:com.web.site.Test1@17579e0f]" name="afterMethod" is-config="true" duration-ms="0" started-at="2021-07-13T20:39:21 PDT" finished-at="2021-07-13T20:39:21 PDT">
          <reporter-output>
          </reporter-output>
        </test-method> <!-- afterMethod -->
      </class> <!-- com.web.site.Test1 -->
    </test> <!-- Test -->
  </suite> <!-- Suite -->
</testng-results>
